21.74 0 26.10 27.09 24.09 0
21.82 0 26.10 27.09 24.09 0
21.74 0 26.10 27.09 24.09 0
21.74 0 26.18 27.09 24.09 0
21.82 0 26.18 27.09 24.09 0
21.82 0 26.18 27.09 24.09 0
21.74 0 26.18 27.09 24.09 0
21.82 0 26.18 27.09 24.09 0
21.82 0 26.10 27.09 24.09 0
21.82 0 26.18 27.09 24.09 0
21.74 0 26.18 27.09 24.09 0
21.82 0 26.18 27.09 24.09 0
21.82 0 26.10 27.09 24.09 0
21.82 0 26.18 27.09 24.09 0
21.82 0 26.71 27.09 24.09 0
21.82 0 27.33 27.09 24.09 0
21.74 0 27.79 27.09 24.09 195
21.74 0 26.79 27.08 24.08 750
21.74 0 26.25 27.09 24.09 1170
21.74 0 25.80 27.09 24.09 1425
21.74 0 25.34 27.09 24.09 1560
21.74 0 24.89 27.09 24.09 1665
21.90 0 24.43 27.09 24.09 1740
21.74 0 24.06 27.09 24.09 1785
21.74 0 23.76 27.09 24.09 1680
21.74 0 23.61 27.09 24.09 90
21.74 0 23.46 27.09 24.09 0
21.74 0 23.31 27.09 24.09 0
21.74 0 23.31 27.09 24.09 0
21.74 0 23.16 27.09 24.09 0
21.74 0 23.08 27.09 24.09 0
21.74 0 23.08 27.09 24.09 0
21.74 0 23.01 27.09 24.09 0
21.74 0 23.01 27.09 24.09 0
21.74 0 23.01 27.09 24.09 0
21.74 0 23.08 27.09 24.09 0
21.74 0 23.08 27.09 24.09 0
21.74 0 23.16 27.09 24.09 0
21.74 0 23.31 27.09 24.09 0
21.74 0 23.46 27.09 24.09 0
21.74 0 23.53 27.09 24.09 0
21.74 0 23.61 27.09 24.09 0
21.74 0 23.68 27.09 24.09 0
21.74 0 23.76 27.09 24.09 0
21.74 0 23.83 27.09 24.09 0
21.74 0 23.91 27.09 24.09 0
21.74 0 23.98 27.09 24.09 0
21.74 0 24.13 27.09 24.09 0
21.74 0 24.21 27.09 24.09 0
21.74 0 24.28 27.09 24.09 0
21.74 0 24.36 27.09 24.09 0
21.74 0 24.43 27.09 24.09 0
21.74 0 24.43 27.09 24.09 0
21.74 0 24.66 27.09 24.09 0
21.74 0 24.58 27.09 24.09 0
21.74 0 24.58 27.09 24.09 0
21.74 0 24.66 27.09 24.09 0
21.74 0 24.74 27.09 24.09 0
21.74 0 24.74 27.09 24.09 0
21.74 0 24.81 27.09 24.09 0
21.74 0 24.96 27.09 24.09 0
21.74 0 25.04 27.09 24.09 0
21.74 0 25.19 27.09 24.09 0
21.74 0 25.19 27.09 24.09 0
21.74 0 25.26 27.09 24.09 0
21.74 0 25.26 27.09 24.09 0
21.74 0 25.26 27.09 24.09 0
21.74 0 25.42 27.09 24.09 0
21.74 0 25.34 27.09 24.09 0
21.74 0 25.34 27.09 24.09 0
21.74 0 25.34 27.09 24.09 0
21.74 0 25.42 27.09 24.09 0
21.74 0 25.57 27.09 24.09 0
21.74 0 25.64 27.09 24.09 0
21.74 0 25.72 27.09 24.09 0
21.74 0 25.80 27.09 24.09 0
21.74 0 25.87 27.09 24.09 0
21.74 0 25.95 27.09 24.09 0
21.74 0 26.10 27.09 24.09 0
21.74 0 26.10 27.09 24.09 0
21.74 0 26.18 27.09 24.09 0
21.74 0 26.18 27.09 24.09 0
21.74 0 26.18 27.09 24.09 0
21.74 0 26.25 27.09 24.09 0
21.74 0 26.25 27.09 24.09 0
21.74 0 26.25 27.09 24.09 0
21.74 0 26.33 27.09 24.09 0
21.74 0 26.33 27.09 24.09 0
21.74 0 26.33 27.09 24.09 0
21.74 0 26.33 27.09 24.09 0
21.74 0 26.41 27.09 24.09 0
21.74 0 26.56 27.09 24.09 0
21.74 0 26.41 27.09 24.09 0
21.74 0 26.63 27.09 24.09 0
21.74 0 26.63 27.09 24.09 0
21.74 0 26.71 27.09 24.09 0
21.74 0 26.63 27.09 24.09 0
21.74 0 26.63 27.09 24.09 0
21.74 0 26.56 27.09 24.09 0
21.74 0 26.56 27.09 24.09 0
21.74 0 26.56 27.09 24.09 0
21.74 0 26.56 27.09 24.09 0
21.74 0 26.48 27.09 24.09 0
21.74 0 26.48 27.09 24.09 0
21.74 0 26.56 27.09 24.09 0
21.74 0 26.48 27.09 24.09 0
21.74 0 26.41 27.09 24.09 0
21.74 0 26.48 27.09 24.09 0
21.74 0 26.48 27.09 24.09 0
21.74 0 26.56 27.09 24.09 0
21.74 0 26.56 27.09 24.09 0
21.74 0 26.56 27.09 24.09 0
21.66 0 26.56 27.09 24.09 0
21.74 0 26.48 27.09 24.09 0
21.74 0 26.56 27.09 24.09 0
21.74 0 26.48 27.09 24.09 0
21.74 0 26.48 27.09 24.09 0
21.66 0 26.56 27.09 24.09 0
21.74 0 26.63 27.09 24.09 0
21.74 0 26.63 27.09 24.09 0
21.66 0 26.63 27.09 24.09 0
21.74 0 26.71 27.09 24.09 0
21.74 0 26.71 27.09 24.09 0
21.66 0 26.71 27.09 24.09 0
21.66 0 26.71 27.09 24.09 0
21.74 0 26.71 27.09 24.09 0
21.66 0 26.79 27.09 24.09 0
21.66 0 26.71 27.09 24.09 0
21.66 0 26.71 27.09 24.09 0
21.74 0 26.71 27.09 24.09 0
21.74 0 26.71 27.09 24.09 0
21.74 0 26.71 27.09 24.09 0
21.74 0 26.79 27.09 24.09 0
21.74 0 26.86 27.09 24.09 0
21.74 0 26.94 27.09 24.09 0
21.74 0 26.94 27.09 24.09 0
21.74 0 26.94 27.09 24.09 0
21.74 0 26.94 27.09 24.09 0
21.74 0 27.02 27.09 24.09 0
21.74 0 27.02 27.09 24.09 0
21.74 0 27.02 27.09 24.09 0
21.74 0 27.02 27.09 24.09 0
21.66 0 27.09 27.09 24.09 0
21.74 0 26.94 27.09 24.09 210
21.66 0 26.71 27.09 24.09 765
21.66 0 26.25 27.09 24.09 1170
21.74 0 25.80 27.09 24.09 1425
21.74 0 25.42 27.09 24.09 1560
21.66 0 24.96 27.09 24.09 1650
21.66 0 24.58 27.09 24.09 1725
21.74 0 24.21 27.08 24.08 1770
21.66 0 23.98 27.12 24.12 1800
21.66 0 23.68 27.09 24.09 1725
21.66 0 23.46 27.09 24.09 90
21.66 0 23.23 27.09 24.09 0
21.66 0 23.08 27.09 24.09 0
21.66 0 23.16 27.09 24.09 0
21.66 0 23.08 27.09 24.09 0
21.66 0 23.01 27.09 24.09 0
21.66 0 22.93 27.09 24.09 0
21.66 0 22.93 27.09 24.09 0
21.66 0 22.93 27.09 24.09 0
21.66 0 22.93 27.09 24.09 0
21.66 0 23.01 27.09 24.09 0
21.66 0 23.08 27.09 24.09 0
21.66 0 23.16 27.09 24.09 0
21.66 0 23.23 27.09 24.09 0
21.66 0 23.31 27.09 24.09 0
21.66 0 23.38 27.09 24.09 0
21.66 0 23.53 27.09 24.09 0
21.66 0 23.61 27.09 24.09 0
21.66 0 23.76 27.09 24.09 0
21.66 0 23.76 27.09 24.09 0
21.66 0 23.83 27.09 24.09 0
21.66 0 23.98 27.09